#
# There is insufficient memory for the Java Runtime Environment to continue.
# Native memory allocation (malloc) failed to allocate 1549776 bytes for Chunk::new
# Possible reasons:
#   The system is out of physical RAM or swap space
#   The process is running with CompressedOops enabled, and the Java Heap may be blocking the growth of the native heap
# Possible solutions:
#   Reduce memory load on the system
#   Increase physical memory or swap space
#   Check if swap backing store is full
#   Decrease Java heap size (-Xmx/-Xms)
#   Decrease number of Java threads
#   Decrease Java thread stack sizes (-Xss)
#   Set larger code cache with -XX:ReservedCodeCacheSize=
#   JVM is running with Unscaled Compressed Oops mode in which the Java heap is
#     placed in the first 4GB address space. The Java Heap base address is the
#     maximum limit for the native heap growth. Please use -XX:HeapBaseMinAddress
#     to set the Java Heap base and to place the Java Heap above 4GB virtual address.
# This output file may be truncated or incomplete.
#
#  Out of Memory Error (arena.cpp:189), pid=19352, tid=18164
#
# JRE version: Java(TM) SE Runtime Environment (17.0.6+9) (build 17.0.6+9-LTS-190)
# Java VM: Java HotSpot(TM) 64-Bit Server VM (17.0.6+9-LTS-190, mixed mode, sharing, tiered, compressed oops, compressed class ptrs, g1 gc, windows-amd64)
# No core dump will be written. Minidumps are not enabled by default on client versions of Windows
#

---------------  S U M M A R Y ------------

Command Line: -XX:+ShowCodeDetailsInExceptionMessages -Dspring.jmx.enabled=true -Dmanagement.endpoints.jmx.exposure.include=* -Dspring.application.admin.enabled=true -Dspring.boot.project.name=API-Gateway -Djava.rmi.server.hostname=localhost com.Gateway.ApiGatewayApplication

Host: 11th Gen Intel(R) Core(TM) i5-1135G7 @ 2.40GHz, 8 cores, 7G,  Windows 11 , 64 bit Build 22621 (10.0.22621.3235)
Time: Thu Apr 11 14:56:06 2024 India Standard Time elapsed time: 2.346159 seconds (0d 0h 0m 2s)

---------------  T H R E A D  ---------------

Current thread (0x000001ddf27ae1f0):  JavaThread "C2 CompilerThread0" daemon [_thread_in_native, id=18164, stack(0x000000b9afe00000,0x000000b9aff00000)]


Current CompileTask:
C2:   2346 1987       4       org.springframework.boot.context.properties.source.ConfigurationPropertyName$ElementsParser::parse (234 bytes)

Stack: [0x000000b9afe00000,0x000000b9aff00000]
Native frames: (J=compiled Java code, j=interpreted, Vv=VM code, C=native code)
V  [jvm.dll+0x6734ea]
V  [jvm.dll+0x7d18f4]
V  [jvm.dll+0x7d309e]
V  [jvm.dll+0x7d3703]
V  [jvm.dll+0x2433c5]
V  [jvm.dll+0xaa46b]
V  [jvm.dll+0xaaa0c]
V  [jvm.dll+0x35eadf]
V  [jvm.dll+0x1b986a]
V  [jvm.dll+0x215f37]
V  [jvm.dll+0x215211]
V  [jvm.dll+0x1a1730]
V  [jvm.dll+0x224b6e]
V  [jvm.dll+0x222f15]
V  [jvm.dll+0x78753c]
V  [jvm.dll+0x781a7a]
V  [jvm.dll+0x672375]
C  [ucrtbase.dll+0x29363]
C  [KERNEL32.DLL+0x1257d]
C  [ntdll.dll+0x5aa58]


---------------  P R O C E S S  ---------------

Threads class SMR info:
_java_thread_list=0x000001ddf43a0ff0, length=17, elements={
0x000001ddd4778780, 0x000001ddf27706d0, 0x000001ddf2772290, 0x000001ddf2787410,
0x000001ddf27a7fe0, 0x000001ddf27acab0, 0x000001ddf27ad460, 0x000001ddf27ae1f0,
0x000001ddf27afbb0, 0x000001ddf27b24c0, 0x000001ddf3212560, 0x000001ddf3223890,
0x000001ddf434f130, 0x000001ddf4476b30, 0x000001ddf4387650, 0x000001ddf445fca0,
0x000001ddf4542f10
}

Java Threads: ( => current thread )
  0x000001ddd4778780 JavaThread "main" [_thread_in_vm, id=22656, stack(0x000000b9af100000,0x000000b9af200000)]
  0x000001ddf27706d0 JavaThread "Reference Handler" daemon [_thread_blocked, id=24996, stack(0x000000b9af800000,0x000000b9af900000)]
  0x000001ddf2772290 JavaThread "Finalizer" daemon [_thread_blocked, id=30648, stack(0x000000b9af900000,0x000000b9afa00000)]
  0x000001ddf2787410 JavaThread "Signal Dispatcher" daemon [_thread_blocked, id=23364, stack(0x000000b9afa00000,0x000000b9afb00000)]
  0x000001ddf27a7fe0 JavaThread "Attach Listener" daemon [_thread_blocked, id=22564, stack(0x000000b9afb00000,0x000000b9afc00000)]
  0x000001ddf27acab0 JavaThread "Service Thread" daemon [_thread_blocked, id=21684, stack(0x000000b9afc00000,0x000000b9afd00000)]
  0x000001ddf27ad460 JavaThread "Monitor Deflation Thread" daemon [_thread_blocked, id=21616, stack(0x000000b9afd00000,0x000000b9afe00000)]
=>0x000001ddf27ae1f0 JavaThread "C2 CompilerThread0" daemon [_thread_in_native, id=18164, stack(0x000000b9afe00000,0x000000b9aff00000)]
  0x000001ddf27afbb0 JavaThread "C1 CompilerThread0" daemon [_thread_blocked, id=17368, stack(0x000000b9aff00000,0x000000b9b0000000)]
  0x000001ddf27b24c0 JavaThread "Sweeper thread" daemon [_thread_blocked, id=17876, stack(0x000000b9b0000000,0x000000b9b0100000)]
  0x000001ddf3212560 JavaThread "Notification Thread" daemon [_thread_blocked, id=24076, stack(0x000000b9b0100000,0x000000b9b0200000)]
  0x000001ddf3223890 JavaThread "Common-Cleaner" daemon [_thread_blocked, id=16448, stack(0x000000b9b0300000,0x000000b9b0400000)]
  0x000001ddf434f130 JavaThread "RMI TCP Accept-0" daemon [_thread_in_native, id=9484, stack(0x000000b9b0400000,0x000000b9b0500000)]
  0x000001ddf4476b30 JavaThread "RMI TCP Connection(1)-127.0.0.1" daemon [_thread_in_native, id=32868, stack(0x000000b9b0d00000,0x000000b9b0e00000)]
  0x000001ddf4387650 JavaThread "RMI Scheduler(0)" daemon [_thread_blocked, id=25232, stack(0x000000b9b0e00000,0x000000b9b0f00000)]
  0x000001ddf445fca0 JavaThread "JMX server connection timeout 19" daemon [_thread_blocked, id=10232, stack(0x000000b9b0f00000,0x000000b9b1000000)]
  0x000001ddf4542f10 JavaThread "background-preinit" [_thread_in_vm, id=26460, stack(0x000000b9b1000000,0x000000b9b1100000)]

Other Threads:
  0x000001ddf27680d0 VMThread "VM Thread" [stack: 0x000000b9af700000,0x000000b9af800000] [id=17284]
  0x000001ddf3219c80 WatcherThread [stack: 0x000000b9b0200000,0x000000b9b0300000] [id=12332]
  0x000001ddd47da830 GCTaskThread "GC Thread#0" [stack: 0x000000b9af200000,0x000000b9af300000] [id=12532]
  0x000001ddf41e9010 GCTaskThread "GC Thread#1" [stack: 0x000000b9b0500000,0x000000b9b0600000] [id=19396]
  0x000001ddf41e92c0 GCTaskThread "GC Thread#2" [stack: 0x000000b9b0600000,0x000000b9b0700000] [id=15212]
  0x000001ddf43319b0 GCTaskThread "GC Thread#3" [stack: 0x000000b9b0700000,0x000000b9b0800000] [id=30764]
  0x000001ddf4331c60 GCTaskThread "GC Thread#4" [stack: 0x000000b9b0800000,0x000000b9b0900000] [id=30312]
  0x000001ddf4331f10 GCTaskThread "GC Thread#5" [stack: 0x000000b9b0900000,0x000000b9b0a00000] [id=28976]
  0x000001ddf43361d0 GCTaskThread "GC Thread#6" [stack: 0x000000b9b0a00000,0x000000b9b0b00000] [id=21132]
  0x000001ddf433bcc0 GCTaskThread "GC Thread#7" [stack: 0x000000b9b0b00000,0x000000b9b0c00000] [id=15252]
  0x000001ddd47ec140 ConcurrentGCThread "G1 Main Marker" [stack: 0x000000b9af300000,0x000000b9af400000] [id=17736]
  0x000001ddd47ecb50 ConcurrentGCThread "G1 Conc#0" [stack: 0x000000b9af400000,0x000000b9af500000] [id=13004]
  0x000001ddf26260e0 ConcurrentGCThread "G1 Refine#0" [stack: 0x000000b9af500000,0x000000b9af600000] [id=19540]
  0x000001ddf430fe80 ConcurrentGCThread "G1 Refine#1" [stack: 0x000000b9b0c00000,0x000000b9b0d00000] [id=11048]
  0x000001ddf2626b00 ConcurrentGCThread "G1 Service" [stack: 0x000000b9af600000,0x000000b9af700000] [id=20156]

Threads with active compile tasks:
C2 CompilerThread0     2389 1987       4       org.springframework.boot.context.properties.source.ConfigurationPropertyName$ElementsParser::parse (234 bytes)

VM state: not at safepoint (normal execution)

VM Mutex/Monitor currently owned by a thread:  ([mutex/lock_event])
[0x000001ddd47754c0] Metaspace_lock - owner thread: 0x000001ddf4542f10

Heap address: 0x0000000083200000, size: 1998 MB, Compressed Oops mode: 32-bit

CDS archive(s) mapped at: [0x0000000800000000-0x0000000800bd0000-0x0000000800bd0000), size 12386304, SharedBaseAddress: 0x0000000800000000, ArchiveRelocationMode: 0.
Compressed class space mapped at: 0x0000000800c00000-0x0000000840c00000, reserved size: 1073741824
Narrow klass base: 0x0000000800000000, Narrow klass shift: 0, Narrow klass range: 0x100000000

GC Precious Log:
 CPUs: 8 total, 8 available
 Memory: 7991M
 Large Page Support: Disabled
 NUMA Support: Disabled
 Compressed Oops: Enabled (32-bit)
 Heap Region Size: 1M
 Heap Min Capacity: 8M
 Heap Initial Capacity: 126M
 Heap Max Capacity: 1998M
 Pre-touch: Disabled
 Parallel Workers: 8
 Concurrent Workers: 2
 Concurrent Refinement Workers: 8
 Periodic GC: Disabled

Heap:
 garbage-first heap   total 129024K, used 28921K [0x0000000083200000, 0x0000000100000000)
  region size 1024K, 22 young (22528K), 2 survivors (2048K)
 Metaspace       used 16959K, committed 17216K, reserved 1064960K
  class space    used 2246K, committed 2368K, reserved 1048576K

Heap Regions: E=young(eden), S=young(survivor), O=old, HS=humongous(starts), HC=humongous(continues), CS=collection set, F=free, OA=open archive, CA=closed archive, TAMS=top-at-mark-start (previous, next)
|   0|0x0000000083200000, 0x0000000083300000, 0x0000000083300000|100%|HS|  |TAMS 0x0000000083200000, 0x0000000083200000| Complete 
|   1|0x0000000083300000, 0x0000000083400000, 0x0000000083400000|100%| O|  |TAMS 0x0000000083300000, 0x0000000083300000| Untracked 
|   2|0x0000000083400000, 0x0000000083500000, 0x0000000083500000|100%| O|  |TAMS 0x0000000083400000, 0x0000000083400000| Untracked 
|   3|0x0000000083500000, 0x0000000083600000, 0x0000000083600000|100%| O|  |TAMS 0x0000000083500000, 0x0000000083500000| Untracked 
|   4|0x0000000083600000, 0x0000000083700000, 0x0000000083700000|100%| O|  |TAMS 0x0000000083600000, 0x0000000083600000| Untracked 
|   5|0x0000000083700000, 0x0000000083800000, 0x0000000083800000|100%| O|  |TAMS 0x0000000083700000, 0x0000000083700000| Untracked 
|   6|0x0000000083800000, 0x0000000083900000, 0x0000000083900000|100%| O|  |TAMS 0x0000000083800000, 0x0000000083800000| Untracked 
|   7|0x0000000083900000, 0x0000000083a00000, 0x0000000083a00000|100%| O|  |TAMS 0x0000000083900000, 0x0000000083900000| Untracked 
|   8|0x0000000083a00000, 0x0000000083a50800, 0x0000000083b00000| 31%| O|  |TAMS 0x0000000083a00000, 0x0000000083a00000| Untracked 
|   9|0x0000000083b00000, 0x0000000083b00000, 0x0000000083c00000|  0%| F|  |TAMS 0x0000000083b00000, 0x0000000083b00000| Untracked 
|  10|0x0000000083c00000, 0x0000000083c00000, 0x0000000083d00000|  0%| F|  |TAMS 0x0000000083c00000, 0x0000000083c00000| Untracked 
|  11|0x0000000083d00000, 0x0000000083d00000, 0x0000000083e00000|  0%| F|  |TAMS 0x0000000083d00000, 0x0000000083d00000| Untracked 
|  12|0x0000000083e00000, 0x0000000083e00000, 0x0000000083f00000|  0%| F|  |TAMS 0x0000000083e00000, 0x0000000083e00000| Untracked 
|  13|0x0000000083f00000, 0x0000000083f00000, 0x0000000084000000|  0%| F|  |TAMS 0x0000000083f00000, 0x0000000083f00000| Untracked 
|  14|0x0000000084000000, 0x0000000084000000, 0x0000000084100000|  0%| F|  |TAMS 0x0000000084000000, 0x0000000084000000| Untracked 
|  15|0x0000000084100000, 0x0000000084100000, 0x0000000084200000|  0%| F|  |TAMS 0x0000000084100000, 0x0000000084100000| Untracked 
|  16|0x0000000084200000, 0x0000000084200000, 0x0000000084300000|  0%| F|  |TAMS 0x0000000084200000, 0x0000000084200000| Untracked 
|  17|0x0000000084300000, 0x0000000084300000, 0x0000000084400000|  0%| F|  |TAMS 0x0000000084300000, 0x0000000084300000| Untracked 
|  18|0x0000000084400000, 0x0000000084400000, 0x0000000084500000|  0%| F|  |TAMS 0x0000000084400000, 0x0000000084400000| Untracked 
|  19|0x0000000084500000, 0x0000000084500000, 0x0000000084600000|  0%| F|  |TAMS 0x0000000084500000, 0x0000000084500000| Untracked 
|  20|0x0000000084600000, 0x0000000084600000, 0x0000000084700000|  0%| F|  |TAMS 0x0000000084600000, 0x0000000084600000| Untracked 
|  21|0x0000000084700000, 0x0000000084700000, 0x0000000084800000|  0%| F|  |TAMS 0x0000000084700000, 0x0000000084700000| Untracked 
|  22|0x0000000084800000, 0x0000000084800000, 0x0000000084900000|  0%| F|  |TAMS 0x0000000084800000, 0x0000000084800000| Untracked 
|  23|0x0000000084900000, 0x0000000084900000, 0x0000000084a00000|  0%| F|  |TAMS 0x0000000084900000, 0x0000000084900000| Untracked 
|  24|0x0000000084a00000, 0x0000000084a00000, 0x0000000084b00000|  0%| F|  |TAMS 0x0000000084a00000, 0x0000000084a00000| Untracked 
|  25|0x0000000084b00000, 0x0000000084b00000, 0x0000000084c00000|  0%| F|  |TAMS 0x0000000084b00000, 0x0000000084b00000| Untracked 
|  26|0x0000000084c00000, 0x0000000084c00000, 0x0000000084d00000|  0%| F|  |TAMS 0x0000000084c00000, 0x0000000084c00000| Untracked 
|  27|0x0000000084d00000, 0x0000000084d00000, 0x0000000084e00000|  0%| F|  |TAMS 0x0000000084d00000, 0x0000000084d00000| Untracked 
|  28|0x0000000084e00000, 0x0000000084e00000, 0x0000000084f00000|  0%| F|  |TAMS 0x0000000084e00000, 0x0000000084e00000| Untracked 
|  29|0x0000000084f00000, 0x0000000084f00000, 0x0000000085000000|  0%| F|  |TAMS 0x0000000084f00000, 0x0000000084f00000| Untracked 
|  30|0x0000000085000000, 0x0000000085000000, 0x0000000085100000|  0%| F|  |TAMS 0x0000000085000000, 0x0000000085000000| Untracked 
|  31|0x0000000085100000, 0x0000000085100000, 0x0000000085200000|  0%| F|  |TAMS 0x0000000085100000, 0x0000000085100000| Untracked 
|  32|0x0000000085200000, 0x0000000085200000, 0x0000000085300000|  0%| F|  |TAMS 0x0000000085200000, 0x0000000085200000| Untracked 
|  33|0x0000000085300000, 0x0000000085300000, 0x0000000085400000|  0%| F|  |TAMS 0x0000000085300000, 0x0000000085300000| Untracked 
|  34|0x0000000085400000, 0x0000000085400000, 0x0000000085500000|  0%| F|  |TAMS 0x0000000085400000, 0x0000000085400000| Untracked 
|  35|0x0000000085500000, 0x0000000085500000, 0x0000000085600000|  0%| F|  |TAMS 0x0000000085500000, 0x0000000085500000| Untracked 
|  36|0x0000000085600000, 0x0000000085600000, 0x0000000085700000|  0%| F|  |TAMS 0x0000000085600000, 0x0000000085600000| Untracked 
|  37|0x0000000085700000, 0x0000000085700000, 0x0000000085800000|  0%| F|  |TAMS 0x0000000085700000, 0x0000000085700000| Untracked 
|  38|0x0000000085800000, 0x0000000085800000, 0x0000000085900000|  0%| F|  |TAMS 0x0000000085800000, 0x0000000085800000| Untracked 
|  39|0x0000000085900000, 0x0000000085900000, 0x0000000085a00000|  0%| F|  |TAMS 0x0000000085900000, 0x0000000085900000| Untracked 
|  40|0x0000000085a00000, 0x0000000085a00000, 0x0000000085b00000|  0%| F|  |TAMS 0x0000000085a00000, 0x0000000085a00000| Untracked 
|  41|0x0000000085b00000, 0x0000000085b00000, 0x0000000085c00000|  0%| F|  |TAMS 0x0000000085b00000, 0x0000000085b00000| Untracked 
|  42|0x0000000085c00000, 0x0000000085c00000, 0x0000000085d00000|  0%| F|  |TAMS 0x0000000085c00000, 0x0000000085c00000| Untracked 
|  43|0x0000000085d00000, 0x0000000085d00000, 0x0000000085e00000|  0%| F|  |TAMS 0x0000000085d00000, 0x0000000085d00000| Untracked 
|  44|0x0000000085e00000, 0x0000000085e00000, 0x0000000085f00000|  0%| F|  |TAMS 0x0000000085e00000, 0x0000000085e00000| Untracked 
|  45|0x0000000085f00000, 0x0000000085f00000, 0x0000000086000000|  0%| F|  |TAMS 0x0000000085f00000, 0x0000000085f00000| Untracked 
|  46|0x0000000086000000, 0x0000000086000000, 0x0000000086100000|  0%| F|  |TAMS 0x0000000086000000, 0x0000000086000000| Untracked 
|  47|0x0000000086100000, 0x0000000086100000, 0x0000000086200000|  0%| F|  |TAMS 0x0000000086100000, 0x0000000086100000| Untracked 
|  48|0x0000000086200000, 0x0000000086200000, 0x0000000086300000|  0%| F|  |TAMS 0x0000000086200000, 0x0000000086200000| Untracked 
|  49|0x0000000086300000, 0x0000000086300000, 0x0000000086400000|  0%| F|  |TAMS 0x0000000086300000, 0x0000000086300000| Untracked 
|  50|0x0000000086400000, 0x0000000086400000, 0x0000000086500000|  0%| F|  |TAMS 0x0000000086400000, 0x0000000086400000| Untracked 
|  51|0x0000000086500000, 0x0000000086500000, 0x0000000086600000|  0%| F|  |TAMS 0x0000000086500000, 0x0000000086500000| Untracked 
|  52|0x0000000086600000, 0x0000000086600000, 0x0000000086700000|  0%| F|  |TAMS 0x0000000086600000, 0x0000000086600000| Untracked 
|  53|0x0000000086700000, 0x0000000086700000, 0x0000000086800000|  0%| F|  |TAMS 0x0000000086700000, 0x0000000086700000| Untracked 
|  54|0x0000000086800000, 0x0000000086800000, 0x0000000086900000|  0%| F|  |TAMS 0x0000000086800000, 0x0000000086800000| Untracked 
|  55|0x0000000086900000, 0x0000000086900000, 0x0000000086a00000|  0%| F|  |TAMS 0x0000000086900000, 0x0000000086900000| Untracked 
|  56|0x0000000086a00000, 0x0000000086a00000, 0x0000000086b00000|  0%| F|  |TAMS 0x0000000086a00000, 0x0000000086a00000| Untracked 
|  57|0x0000000086b00000, 0x0000000086b00000, 0x0000000086c00000|  0%| F|  |TAMS 0x0000000086b00000, 0x0000000086b00000| Untracked 
|  58|0x0000000086c00000, 0x0000000086c00000, 0x0000000086d00000|  0%| F|  |TAMS 0x0000000086c00000, 0x0000000086c00000| Untracked 
|  59|0x0000000086d00000, 0x0000000086d00000, 0x0000000086e00000|  0%| F|  |TAMS 0x0000000086d00000, 0x0000000086d00000| Untracked 
|  60|0x0000000086e00000, 0x0000000086e00000, 0x0000000086f00000|  0%| F|  |TAMS 0x0000000086e00000, 0x0000000086e00000| Untracked 
|  61|0x0000000086f00000, 0x0000000086f00000, 0x0000000087000000|  0%| F|  |TAMS 0x0000000086f00000, 0x0000000086f00000| Untracked 
|  62|0x0000000087000000, 0x0000000087000000, 0x0000000087100000|  0%| F|  |TAMS 0x0000000087000000, 0x0000000087000000| Untracked 
|  63|0x0000000087100000, 0x0000000087100000, 0x0000000087200000|  0%| F|  |TAMS 0x0000000087100000, 0x0000000087100000| Untracked 
|  64|0x0000000087200000, 0x0000000087200000, 0x0000000087300000|  0%| F|  |TAMS 0x0000000087200000, 0x0000000087200000| Untracked 
|  65|0x0000000087300000, 0x0000000087300000, 0x0000000087400000|  0%| F|  |TAMS 0x0000000087300000, 0x0000000087300000| Untracked 
|  66|0x0000000087400000, 0x0000000087400000, 0x0000000087500000|  0%| F|  |TAMS 0x0000000087400000, 0x0000000087400000| Untracked 
|  67|0x0000000087500000, 0x0000000087500000, 0x0000000087600000|  0%| F|  |TAMS 0x0000000087500000, 0x0000000087500000| Untracked 
|  68|0x0000000087600000, 0x0000000087600000, 0x0000000087700000|  0%| F|  |TAMS 0x0000000087600000, 0x0000000087600000| Untracked 
|  69|0x0000000087700000, 0x0000000087700000, 0x0000000087800000|  0%| F|  |TAMS 0x0000000087700000, 0x0000000087700000| Untracked 
|  70|0x0000000087800000, 0x0000000087800000, 0x0000000087900000|  0%| F|  |TAMS 0x0000000087800000, 0x0000000087800000| Untracked 
|  71|0x0000000087900000, 0x0000000087900000, 0x0000000087a00000|  0%| F|  |TAMS 0x0000000087900000, 0x0000000087900000| Untracked 
|  72|0x0000000087a00000, 0x0000000087a00000, 0x0000000087b00000|  0%| F|  |TAMS 0x0000000087a00000, 0x0000000087a00000| Untracked 
|  73|0x0000000087b00000, 0x0000000087b00000, 0x0000000087c00000|  0%| F|  |TAMS 0x0000000087b00000, 0x0000000087b00000| Untracked 
|  74|0x0000000087c00000, 0x0000000087c00000, 0x0000000087d00000|  0%| F|  |TAMS 0x0000000087c00000, 0x0000000087c00000| Untracked 
|  75|0x0000000087d00000, 0x0000000087d00000, 0x0000000087e00000|  0%| F|  |TAMS 0x0000000087d00000, 0x0000000087d00000| Untracked 
|  76|0x0000000087e00000, 0x0000000087e00000, 0x0000000087f00000|  0%| F|  |TAMS 0x0000000087e00000, 0x0000000087e00000| Untracked 
|  77|0x0000000087f00000, 0x0000000087f00000, 0x0000000088000000|  0%| F|  |TAMS 0x0000000087f00000, 0x0000000087f00000| Untracked 
|  78|0x0000000088000000, 0x0000000088000000, 0x0000000088100000|  0%| F|  |TAMS 0x0000000088000000, 0x0000000088000000| Untracked 
|  79|0x0000000088100000, 0x0000000088100000, 0x0000000088200000|  0%| F|  |TAMS 0x0000000088100000, 0x0000000088100000| Untracked 
|  80|0x0000000088200000, 0x0000000088200000, 0x0000000088300000|  0%| F|  |TAMS 0x0000000088200000, 0x0000000088200000| Untracked 
|  81|0x0000000088300000, 0x0000000088300000, 0x0000000088400000|  0%| F|  |TAMS 0x0000000088300000, 0x0000000088300000| Untracked 
|  82|0x0000000088400000, 0x0000000088400000, 0x0000000088500000|  0%| F|  |TAMS 0x0000000088400000, 0x0000000088400000| Untracked 
|  83|0x0000000088500000, 0x0000000088500000, 0x0000000088600000|  0%| F|  |TAMS 0x0000000088500000, 0x0000000088500000| Untracked 
|  84|0x0000000088600000, 0x0000000088600000, 0x0000000088700000|  0%| F|  |TAMS 0x0000000088600000, 0x0000000088600000| Untracked 
|  85|0x0000000088700000, 0x0000000088700000, 0x0000000088800000|  0%| F|  |TAMS 0x0000000088700000, 0x0000000088700000| Untracked 
|  86|0x0000000088800000, 0x0000000088800000, 0x0000000088900000|  0%| F|  |TAMS 0x0000000088800000, 0x0000000088800000| Untracked 
|  87|0x0000000088900000, 0x0000000088900000, 0x0000000088a00000|  0%| F|  |TAMS 0x0000000088900000, 0x0000000088900000| Untracked 
|  88|0x0000000088a00000, 0x0000000088a00000, 0x0000000088b00000|  0%| F|  |TAMS 0x0000000088a00000, 0x0000000088a00000| Untracked 
|  89|0x0000000088b00000, 0x0000000088b00000, 0x0000000088c00000|  0%| F|  |TAMS 0x0000000088b00000, 0x0000000088b00000| Untracked 
|  90|0x0000000088c00000, 0x0000000088c00000, 0x0000000088d00000|  0%| F|  |TAMS 0x0000000088c00000, 0x0000000088c00000| Untracked 
|  91|0x0000000088d00000, 0x0000000088d00000, 0x0000000088e00000|  0%| F|  |TAMS 0x0000000088d00000, 0x0000000088d00000| Untracked 
|  92|0x0000000088e00000, 0x0000000088e00000, 0x0000000088f00000|  0%| F|  |TAMS 0x0000000088e00000, 0x0000000088e00000| Untracked 
|  93|0x0000000088f00000, 0x0000000088f00000, 0x0000000089000000|  0%| F|  |TAMS 0x0000000088f00000, 0x0000000088f00000| Untracked 
|  94|0x0000000089000000, 0x0000000089000000, 0x0000000089100000|  0%| F|  |TAMS 0x0000000089000000, 0x0000000089000000| Untracked 
|  95|0x0000000089100000, 0x0000000089100000, 0x0000000089200000|  0%| F|  |TAMS 0x0000000089100000, 0x0000000089100000| Untracked 
|  96|0x0000000089200000, 0x0000000089200000, 0x0000000089300000|  0%| F|  |TAMS 0x0000000089200000, 0x0000000089200000| Untracked 
|  97|0x0000000089300000, 0x0000000089300000, 0x0000000089400000|  0%| F|  |TAMS 0x0000000089300000, 0x0000000089300000| Untracked 
|  98|0x0000000089400000, 0x0000000089400000, 0x0000000089500000|  0%| F|  |TAMS 0x0000000089400000, 0x0000000089400000| Untracked 
|  99|0x0000000089500000, 0x00000000895edf60, 0x0000000089600000| 92%| S|CS|TAMS 0x0000000089500000, 0x0000000089500000| Complete 
| 100|0x0000000089600000, 0x0000000089600000, 0x0000000089700000|  0%| F|  |TAMS 0x0000000089600000, 0x0000000089600000| Untracked 
| 101|0x0000000089700000, 0x0000000089700000, 0x0000000089800000|  0%| F|  |TAMS 0x0000000089700000, 0x0000000089700000| Untracked 
| 102|0x0000000089800000, 0x0000000089800000, 0x0000000089900000|  0%| F|  |TAMS 0x0000000089800000, 0x0000000089800000| Untracked 
| 103|0x0000000089900000, 0x0000000089a00000, 0x0000000089a00000|100%| S|CS|TAMS 0x0000000089900000, 0x0000000089900000| Complete 
| 104|0x0000000089a00000, 0x0000000089a00000, 0x0000000089b00000|  0%| F|  |TAMS 0x0000000089a00000, 0x0000000089a00000| Untracked 
| 105|0x0000000089b00000, 0x0000000089b00000, 0x0000000089c00000|  0%| F|  |TAMS 0x0000000089b00000, 0x0000000089b00000| Untracked 
| 106|0x0000000089c00000, 0x0000000089ce9060, 0x0000000089d00000| 91%| E|  |TAMS 0x0000000089c00000, 0x0000000089c00000| Complete 
| 107|0x0000000089d00000, 0x0000000089e00000, 0x0000000089e00000|100%| E|CS|TAMS 0x0000000089d00000, 0x0000000089d00000| Complete 
| 108|0x0000000089e00000, 0x0000000089f00000, 0x0000000089f00000|100%| E|CS|TAMS 0x0000000089e00000, 0x0000000089e00000| Complete 
| 109|0x0000000089f00000, 0x000000008a000000, 0x000000008a000000|100%| E|CS|TAMS 0x0000000089f00000, 0x0000000089f00000| Complete 
| 110|0x000000008a000000, 0x000000008a100000, 0x000000008a100000|100%| E|CS|TAMS 0x000000008a000000, 0x000000008a000000| Complete 
| 111|0x000000008a100000, 0x000000008a200000, 0x000000008a200000|100%| E|CS|TAMS 0x000000008a100000, 0x000000008a100000| Complete 
| 112|0x000000008a200000, 0x000000008a300000, 0x000000008a300000|100%| E|CS|TAMS 0x000000008a200000, 0x000000008a200000| Complete 
| 113|0x000000008a300000, 0x000000008a400000, 0x000000008a400000|100%| E|CS|TAMS 0x000000008a300000, 0x000000008a300000| Complete 
| 114|0x000000008a400000, 0x000000008a500000, 0x000000008a500000|100%| E|CS|TAMS 0x000000008a400000, 0x000000008a400000| Complete 
| 115|0x000000008a500000, 0x000000008a600000, 0x000000008a600000|100%| E|CS|TAMS 0x000000008a500000, 0x000000008a500000| Complete 
| 116|0x000000008a600000, 0x000000008a700000, 0x000000008a700000|100%| E|CS|TAMS 0x000000008a600000, 0x000000008a600000| Complete 
| 117|0x000000008a700000, 0x000000008a800000, 0x000000008a800000|100%| E|CS|TAMS 0x000000008a700000, 0x000000008a700000| Complete 
| 118|0x000000008a800000, 0x000000008a900000, 0x000000008a900000|100%| E|CS|TAMS 0x000000008a800000, 0x000000008a800000| Complete 
| 119|0x000000008a900000, 0x000000008aa00000, 0x000000008aa00000|100%| E|CS|TAMS 0x000000008a900000, 0x000000008a900000| Complete 
| 120|0x000000008aa00000, 0x000000008ab00000, 0x000000008ab00000|100%| E|CS|TAMS 0x000000008aa00000, 0x000000008aa00000| Complete 
| 121|0x000000008ab00000, 0x000000008ac00000, 0x000000008ac00000|100%| E|CS|TAMS 0x000000008ab00000, 0x000000008ab00000| Complete 
| 122|0x000000008ac00000, 0x000000008ad00000, 0x000000008ad00000|100%| E|CS|TAMS 0x000000008ac00000, 0x000000008ac00000| Complete 
| 123|0x000000008ad00000, 0x000000008ae00000, 0x000000008ae00000|100%| E|CS|TAMS 0x000000008ad00000, 0x000000008ad00000| Complete 
| 124|0x000000008ae00000, 0x000000008af00000, 0x000000008af00000|100%| E|  |TAMS 0x000000008ae00000, 0x000000008ae00000| Complete 
| 125|0x000000008af00000, 0x000000008b000000, 0x000000008b000000|100%| E|CS|TAMS 0x000000008af00000, 0x000000008af00000| Complete 

Card table byte_map: [0x000001ddeb700000,0x000001ddebaf0000] _byte_map_base: 0x000001ddeb2e7000

Marking Bits (Prev, Next): (CMBitMap*) 0x000001ddd47dbe50, (CMBitMap*) 0x000001ddd47dbe90
 Prev Bits: [0x000001ddebee0000, 0x000001ddede18000)
 Next Bits: [0x000001ddede20000, 0x000001ddefd58000)

Polling page: 0x000001ddd2560000

Metaspace:

Usage:
  Non-class:     14.37 MB used.
      Class:      2.19 MB used.
       Both:     16.56 MB used.

Virtual space:
  Non-class space:       16.00 MB reserved,      14.50 MB ( 91%) committed,  2 nodes.
      Class space:        1.00 GB reserved,       2.31 MB ( <1%) committed,  1 nodes.
             Both:        1.02 GB reserved,      16.81 MB (  2%) committed. 

Chunk freelists:
   Non-Class:  624.00 KB
       Class:  1.63 MB
        Both:  2.24 MB

MaxMetaspaceSize: unlimited
CompressedClassSpaceSize: 1.00 GB
Initial GC threshold: 21.00 MB
Current GC threshold: 21.00 MB
CDS: on
MetaspaceReclaimPolicy: balanced
 - commit_granule_bytes: 65536.
 - commit_granule_words: 8192.
 - virtual_space_node_default_size: 1048576.
 - enlarge_chunks_in_place: 1.
 - new_chunks_are_fully_committed: 0.
 - uncommit_free_chunks: 1.
 - use_allocation_guard: 0.
 - handle_deallocations: 1.


Internal statistics:

num_allocs_failed_limit: 0.
num_arena_births: 328.
num_arena_deaths: 0.
num_vsnodes_births: 3.
num_vsnodes_deaths: 0.
num_space_committed: 269.
num_space_uncommitted: 0.
num_chunks_returned_to_freelist: 0.
num_chunks_taken_from_freelist: 849.
num_chunk_merges: 0.
num_chunk_splits: 514.
num_chunks_enlarged: 347.
num_purges: 0.
num_inconsistent_stats: 0.

CodeHeap 'non-profiled nmethods': size=120000Kb used=698Kb max_used=698Kb free=119301Kb
 bounds [0x000001dde3ab0000, 0x000001dde3d20000, 0x000001ddeafe0000]
CodeHeap 'profiled nmethods': size=120000Kb used=4237Kb max_used=4237Kb free=115763Kb
 bounds [0x000001dddbfe0000, 0x000001dddc410000, 0x000001dde3510000]
CodeHeap 'non-nmethods': size=5760Kb used=1209Kb max_used=1224Kb free=4550Kb
 bounds [0x000001dde3510000, 0x000001dde3780000, 0x000001dde3ab0000]
 total_blobs=2707 nmethods=2206 adapters=413
 compilation: enabled
              stopped_count=0, restarted_count=0
 full_count=0

Compilation events (20 events):
Event: 2.319 Thread 0x000001ddf27afbb0 nmethod 2198 0x000001dddc3f2c90 code [0x000001dddc3f2e60, 0x000001dddc3f3098]
Event: 2.319 Thread 0x000001ddf27afbb0 2195       2       java.nio.Buffer::nextGetIndex (30 bytes)
Event: 2.319 Thread 0x000001ddf27afbb0 nmethod 2195 0x000001dddc3f3210 code [0x000001dddc3f33c0, 0x000001dddc3f3528]
Event: 2.319 Thread 0x000001ddf27afbb0 2200       2       jdk.internal.org.objectweb.asm.MethodWriter::addSuccessorToCurrentBasicBlock (24 bytes)
Event: 2.319 Thread 0x000001ddf27afbb0 nmethod 2200 0x000001dddc3f3610 code [0x000001dddc3f37c0, 0x000001dddc3f3a58]
Event: 2.319 Thread 0x000001ddf27afbb0 2199       2       java.util.StringJoiner::checkAddLength (50 bytes)
Event: 2.320 Thread 0x000001ddf27afbb0 nmethod 2199 0x000001dddc3f3b10 code [0x000001dddc3f3cc0, 0x000001dddc3f3ee8]
Event: 2.320 Thread 0x000001ddf27afbb0 2201       2       java.util.stream.Sink$ChainedReference::<init> (16 bytes)
Event: 2.320 Thread 0x000001ddf27afbb0 nmethod 2201 0x000001dddc3f4090 code [0x000001dddc3f4240, 0x000001dddc3f44c8]
Event: 2.320 Thread 0x000001ddf27afbb0 2202       2       java.util.Arrays::rangeCheck (74 bytes)
Event: 2.321 Thread 0x000001ddf27afbb0 nmethod 2202 0x000001dddc3f4610 code [0x000001dddc3f4840, 0x000001dddc3f4d48]
Event: 2.322 Thread 0x000001ddf27afbb0 2203       2       java.lang.ClassLoader::createOrGetClassLoaderValueMap (37 bytes)
Event: 2.322 Thread 0x000001ddf27afbb0 nmethod 2203 0x000001dddc3f5010 code [0x000001dddc3f51c0, 0x000001dddc3f53a8]
Event: 2.322 Thread 0x000001ddf27afbb0 2204       2       jdk.internal.loader.AbstractClassLoaderValue$Sub::hashCode (19 bytes)
Event: 2.322 Thread 0x000001ddf27afbb0 nmethod 2204 0x000001dddc3f5490 code [0x000001dddc3f5640, 0x000001dddc3f57b8]
Event: 2.322 Thread 0x000001ddf27afbb0 2206       2       org.springframework.core.annotation.AnnotationTypeMappings::get (14 bytes)
Event: 2.323 Thread 0x000001ddf27afbb0 nmethod 2206 0x000001dddc3f5890 code [0x000001dddc3f5a40, 0x000001dddc3f5ba8]
Event: 2.323 Thread 0x000001ddf27afbb0 2205       2       java.lang.reflect.Proxy::isProxyClass (22 bytes)
Event: 2.323 Thread 0x000001ddf27afbb0 nmethod 2205 0x000001dddc3f5c90 code [0x000001dddc3f5ea0, 0x000001dddc3f6388]
Event: 2.328 Thread 0x000001ddf27afbb0 2208   !   3       java.util.zip.ZipFile$Source::getEntryPos (173 bytes)

GC Heap History (4 events):
Event: 1.178 GC heap before
{Heap before GC invocations=0 (full 0):
 garbage-first heap   total 129024K, used 24576K [0x0000000083200000, 0x0000000100000000)
  region size 1024K, 23 young (23552K), 0 survivors (0K)
 Metaspace       used 7609K, committed 7808K, reserved 1056768K
  class space    used 869K, committed 960K, reserved 1048576K
}
Event: 1.184 GC heap after
{Heap after GC invocations=1 (full 0):
 garbage-first heap   total 129024K, used 8427K [0x0000000083200000, 0x0000000100000000)
  region size 1024K, 3 young (3072K), 3 survivors (3072K)
 Metaspace       used 7609K, committed 7808K, reserved 1056768K
  class space    used 869K, committed 960K, reserved 1048576K
}
Event: 1.896 GC heap before
{Heap before GC invocations=1 (full 0):
 garbage-first heap   total 129024K, used 29931K [0x0000000083200000, 0x0000000100000000)
  region size 1024K, 25 young (25600K), 3 survivors (3072K)
 Metaspace       used 12878K, committed 13120K, reserved 1064960K
  class space    used 1619K, committed 1728K, reserved 1048576K
}
Event: 1.904 GC heap after
{Heap after GC invocations=2 (full 0):
 garbage-first heap   total 129024K, used 10489K [0x0000000083200000, 0x0000000100000000)
  region size 1024K, 2 young (2048K), 2 survivors (2048K)
 Metaspace       used 12878K, committed 13120K, reserved 1064960K
  class space    used 1619K, committed 1728K, reserved 1048576K
}

Deoptimization events (20 events):
Event: 2.138 Thread 0x000001ddd4778780 Uncommon trap: trap_request=0xffffff45 fr.pc=0x000001dde3b1df60 relative=0x00000000000002c0
Event: 2.138 Thread 0x000001ddd4778780 Uncommon trap: reason=unstable_if action=reinterpret pc=0x000001dde3b1df60 method=jdk.internal.org.objectweb.asm.SymbolTable.put(Ljdk/internal/org/objectweb/asm/SymbolTable$Entry;)Ljdk/internal/org/objectweb/asm/SymbolTable$Entry; @ 13 c2
Event: 2.139 Thread 0x000001ddd4778780 DEOPT PACKING pc=0x000001dde3b1df60 sp=0x000000b9af1fd880
Event: 2.139 Thread 0x000001ddd4778780 DEOPT UNPACKING pc=0x000001dde3565ba3 sp=0x000000b9af1fd800 mode 2
Event: 2.318 Thread 0x000001ddf4476b30 Uncommon trap: trap_request=0xffffffc6 fr.pc=0x000001dde3b0df98 relative=0x00000000000002d8
Event: 2.318 Thread 0x000001ddf4476b30 Uncommon trap: reason=bimorphic_or_optimized_type_check action=maybe_recompile pc=0x000001dde3b0df98 method=java.util.HashMap.getNode(Ljava/lang/Object;)Ljava/util/HashMap$Node; @ 128 c2
Event: 2.318 Thread 0x000001ddf4476b30 DEOPT PACKING pc=0x000001dde3b0df98 sp=0x000000b9b0dfef70
Event: 2.318 Thread 0x000001ddf4476b30 DEOPT UNPACKING pc=0x000001dde3565ba3 sp=0x000000b9b0dfeed8 mode 2
Event: 2.328 Thread 0x000001ddd4778780 Uncommon trap: trap_request=0xffffff45 fr.pc=0x000001dde3b1b164 relative=0x0000000000001ae4
Event: 2.328 Thread 0x000001ddd4778780 Uncommon trap: reason=unstable_if action=reinterpret pc=0x000001dde3b1b164 method=java.io.WinNTFileSystem.normalize(Ljava/lang/String;)Ljava/lang/String; @ 128 c2
Event: 2.328 Thread 0x000001ddd4778780 DEOPT PACKING pc=0x000001dde3b1b164 sp=0x000000b9af1fe380
Event: 2.328 Thread 0x000001ddd4778780 DEOPT UNPACKING pc=0x000001dde3565ba3 sp=0x000000b9af1fe358 mode 2
Event: 2.328 Thread 0x000001ddd4778780 Uncommon trap: trap_request=0xffffff45 fr.pc=0x000001dde3b03754 relative=0x00000000000005f4
Event: 2.328 Thread 0x000001ddd4778780 Uncommon trap: reason=unstable_if action=reinterpret pc=0x000001dde3b03754 method=java.util.zip.ZipCoder.hash(Ljava/lang/String;)I @ 23 c2
Event: 2.328 Thread 0x000001ddd4778780 DEOPT PACKING pc=0x000001dde3b03754 sp=0x000000b9af1fe410
Event: 2.328 Thread 0x000001ddd4778780 DEOPT UNPACKING pc=0x000001dde3565ba3 sp=0x000000b9af1fe328 mode 2
Event: 2.328 Thread 0x000001ddd4778780 Uncommon trap: trap_request=0xffffff45 fr.pc=0x000001dde3ad2b1c relative=0x00000000000001fc
Event: 2.328 Thread 0x000001ddd4778780 Uncommon trap: reason=unstable_if action=reinterpret pc=0x000001dde3ad2b1c method=java.util.zip.ZipCoder.hash(Ljava/lang/String;)I @ 23 c2
Event: 2.328 Thread 0x000001ddd4778780 DEOPT PACKING pc=0x000001dde3ad2b1c sp=0x000000b9af1fe380
Event: 2.328 Thread 0x000001ddd4778780 DEOPT UNPACKING pc=0x000001dde3565ba3 sp=0x000000b9af1fe318 mode 2

Classes unloaded (0 events):
No events

Classes redefined (0 events):
No events

Internal exceptions (20 events):
Event: 1.487 Thread 0x000001ddd4778780 Exception <a 'java/lang/NoSuchMethodError'{0x000000008a4d32c0}: 'int java.lang.invoke.DirectMethodHandle$Holder.invokeVirtual(java.lang.Object, java.lang.Object)'> (0x000000008a4d32c0) 
thrown [s\open\src\hotspot\share\interpreter\linkResolver.cpp, line 759]
Event: 1.515 Thread 0x000001ddd4778780 Exception <a 'java/lang/NoSuchMethodError'{0x000000008a3779a8}: 'java.lang.Object java.lang.invoke.DirectMethodHandle$Holder.invokeSpecial(java.lang.Object, java.lang.Object, java.lang.Object, int, java.lang.Object)'> (0x000000008a3779a8) 
thrown [s\open\src\hotspot\share\interpreter\linkResolver.cpp, line 759]
Event: 1.516 Thread 0x000001ddd4778780 Exception <a 'java/lang/NoSuchMethodError'{0x000000008a37ff10}: 'java.lang.Object java.lang.invoke.DirectMethodHandle$Holder.newInvokeSpecial(java.lang.Object, java.lang.Object, java.lang.Object, int, java.lang.Object)'> (0x000000008a37ff10) 
thrown [s\open\src\hotspot\share\interpreter\linkResolver.cpp, line 759]
Event: 1.516 Thread 0x000001ddd4778780 Exception <a 'java/lang/NoSuchMethodError'{0x000000008a3878e0}: 'java.lang.Object java.lang.invoke.Invokers$Holder.linkToTargetMethod(java.lang.Object, java.lang.Object, int, java.lang.Object, java.lang.Object)'> (0x000000008a3878e0) 
thrown [s\open\src\hotspot\share\interpreter\linkResolver.cpp, line 759]
Event: 1.518 Thread 0x000001ddd4778780 Exception <a 'java/lang/NoSuchMethodError'{0x000000008a396270}: 'java.lang.Object java.lang.invoke.DirectMethodHandle$Holder.newInvokeSpecial(java.lang.Object, int, java.lang.Object)'> (0x000000008a396270) 
thrown [s\open\src\hotspot\share\interpreter\linkResolver.cpp, line 759]
Event: 1.518 Thread 0x000001ddd4778780 Exception <a 'java/lang/NoSuchMethodError'{0x000000008a39a4e0}: 'int java.lang.invoke.DirectMethodHandle$Holder.invokeSpecialIFC(java.lang.Object, java.lang.Object, java.lang.Object, java.lang.Object)'> (0x000000008a39a4e0) 
thrown [s\open\src\hotspot\share\interpreter\linkResolver.cpp, line 759]
Event: 1.541 Thread 0x000001ddd4778780 Exception <a 'java/lang/NoSuchMethodError'{0x000000008a280968}: 'void java.lang.invoke.DirectMethodHandle$Holder.invokeInterface(java.lang.Object, java.lang.Object, java.lang.Object)'> (0x000000008a280968) 
thrown [s\open\src\hotspot\share\interpreter\linkResolver.cpp, line 759]
Event: 1.569 Thread 0x000001ddd4778780 Exception <a 'java/lang/NoSuchMethodError'{0x000000008a11cf20}: 'java.lang.Object java.lang.invoke.DirectMethodHandle$Holder.invokeStatic(java.lang.Object, java.lang.Object, int)'> (0x000000008a11cf20) 
thrown [s\open\src\hotspot\share\interpreter\linkResolver.cpp, line 759]
Event: 1.570 Thread 0x000001ddd4778780 Exception <a 'java/lang/NoSuchMethodError'{0x000000008a128938}: 'void java.lang.invoke.DelegatingMethodHandle$Holder.delegate(java.lang.Object, java.lang.Object, int, java.lang.Object)'> (0x000000008a128938) 
thrown [s\open\src\hotspot\share\interpreter\linkResolver.cpp, line 759]
Event: 1.702 Thread 0x000001ddf4422660 Exception <a 'java/net/UnknownHostException'{0x000000008a1e7d68}> (0x000000008a1e7d68) 
thrown [s\open\src\hotspot\share\prims\jni.cpp, line 516]
Event: 1.715 Thread 0x000001ddd4778780 Exception <a 'java/lang/NoSuchMethodError'{0x000000008a0472d0}: 'void java.lang.invoke.DirectMethodHandle$Holder.invokeStaticInit(java.lang.Object, java.lang.Object, java.lang.Object)'> (0x000000008a0472d0) 
thrown [s\open\src\hotspot\share\interpreter\linkResolver.cpp, line 759]
Event: 1.719 Thread 0x000001ddd4778780 Exception <a 'java/lang/NoSuchMethodError'{0x000000008a08f868}: 'java.lang.Object java.lang.invoke.DirectMethodHandle$Holder.invokeVirtual(java.lang.Object, java.lang.Object, java.lang.Object)'> (0x000000008a08f868) 
thrown [s\open\src\hotspot\share\interpreter\linkResolver.cpp, line 759]
Event: 1.725 Thread 0x000001ddd4778780 Exception <a 'java/lang/NoSuchMethodError'{0x000000008a0ac1c0}: 'java.lang.Object java.lang.invoke.DirectMethodHandle$Holder.invokeStatic(java.lang.Object, java.lang.Object, long, java.lang.Object)'> (0x000000008a0ac1c0) 
thrown [s\open\src\hotspot\share\interpreter\linkResolver.cpp, line 759]
Event: 1.725 Thread 0x000001ddd4778780 Exception <a 'java/lang/NoSuchMethodError'{0x000000008a0afc58}: 'java.lang.Object java.lang.invoke.DirectMethodHandle$Holder.invokeStaticInit(java.lang.Object, java.lang.Object, long, java.lang.Object)'> (0x000000008a0afc58) 
thrown [s\open\src\hotspot\share\interpreter\linkResolver.cpp, line 759]
Event: 1.725 Thread 0x000001ddd4778780 Exception <a 'java/lang/NoSuchMethodError'{0x000000008a0b5f88}: 'java.lang.Object java.lang.invoke.DirectMethodHandle$Holder.newInvokeSpecial(java.lang.Object, java.lang.Object, long)'> (0x000000008a0b5f88) 
thrown [s\open\src\hotspot\share\interpreter\linkResolver.cpp, line 759]
Event: 1.737 Thread 0x000001ddd4778780 Exception <a 'java/lang/NoSuchMethodError'{0x0000000089f0aa08}: 'void java.lang.invoke.DirectMethodHandle$Holder.invokeSpecial(java.lang.Object, java.lang.Object, java.lang.Object, java.lang.Object, java.lang.Object)'> (0x0000000089f0aa08) 
thrown [s\open\src\hotspot\share\interpreter\linkResolver.cpp, line 759]
Event: 1.738 Thread 0x000001ddd4778780 Exception <a 'java/lang/NoSuchMethodError'{0x0000000089f12f98}: 'void java.lang.invoke.DirectMethodHandle$Holder.invokeVirtual(java.lang.Object, java.lang.Object, java.lang.Object, java.lang.Object)'> (0x0000000089f12f98) 
thrown [s\open\src\hotspot\share\interpreter\linkResolver.cpp, line 759]
Event: 1.788 Thread 0x000001ddd4778780 Exception <a 'java/lang/NoSuchMethodError'{0x0000000089e6a8e8}: 'void java.lang.invoke.DirectMethodHandle$Holder.invokeSpecial(java.lang.Object, java.lang.Object, java.lang.Object)'> (0x0000000089e6a8e8) 
thrown [s\open\src\hotspot\share\interpreter\linkResolver.cpp, line 759]
Event: 1.851 Thread 0x000001ddd4778780 Exception <a 'java/lang/NoSuchMethodError'{0x0000000089b5d450}: 'void java.lang.invoke.DirectMethodHandle$Holder.invokeStatic(java.lang.Object, java.lang.Object, int)'> (0x0000000089b5d450) 
thrown [s\open\src\hotspot\share\interpreter\linkResolver.cpp, line 759]
Event: 1.863 Thread 0x000001ddd4778780 Exception <a 'java/lang/IncompatibleClassChangeError'{0x0000000089a2b270}: Found class java.lang.Object, but interface was expected> (0x0000000089a2b270) 
thrown [s\open\src\hotspot\share\interpreter\linkResolver.cpp, line 826]

VM Operations (20 events):
Event: 1.583 Executing VM operation: ICBufferFull
Event: 1.583 Executing VM operation: ICBufferFull done
Event: 1.589 Executing VM operation: HandshakeAllThreads
Event: 1.589 Executing VM operation: HandshakeAllThreads done
Event: 1.777 Executing VM operation: HandshakeAllThreads
Event: 1.777 Executing VM operation: HandshakeAllThreads done
Event: 1.783 Executing VM operation: HandshakeAllThreads
Event: 1.783 Executing VM operation: HandshakeAllThreads done
Event: 1.783 Executing VM operation: HandshakeAllThreads
Event: 1.783 Executing VM operation: HandshakeAllThreads done
Event: 1.843 Executing VM operation: HandshakeAllThreads
Event: 1.847 Executing VM operation: HandshakeAllThreads done
Event: 1.895 Executing VM operation: G1CollectForAllocation
Event: 1.896 Executing VM operation: G1CollectForAllocation done
Event: 1.896 Executing VM operation: G1CollectForAllocation
Event: 1.904 Executing VM operation: G1CollectForAllocation done
Event: 2.229 Executing VM operation: HandshakeAllThreads
Event: 2.229 Executing VM operation: HandshakeAllThreads done
Event: 2.298 Executing VM operation: HandshakeAllThreads
Event: 2.298 Executing VM operation: HandshakeAllThreads done

Events (20 events):
Event: 2.285 loading class com/sun/beans/WeakCache done
Event: 2.286 loading class com/sun/beans/WildcardTypeImpl
Event: 2.286 loading class com/sun/beans/WildcardTypeImpl done
Event: 2.312 loading class java/util/Collections$ReverseComparator
Event: 2.312 loading class java/util/Collections$ReverseComparator done
Event: 2.312 loading class java/util/Comparators$NaturalOrderComparator
Event: 2.312 loading class java/util/Comparators$NaturalOrderComparator done
Event: 2.312 loading class java/util/Collections$ReverseComparator2
Event: 2.312 loading class java/util/Collections$ReverseComparator2 done
Event: 2.313 loading class java/util/stream/SortedOps
Event: 2.317 loading class java/util/stream/SortedOps done
Event: 2.317 loading class java/util/stream/SortedOps$OfRef
Event: 2.318 loading class java/util/stream/SortedOps$OfRef done
Event: 2.319 loading class java/util/stream/SortedOps$RefSortingSink
Event: 2.320 loading class java/util/stream/SortedOps$AbstractRefSortingSink
Event: 2.320 loading class java/util/stream/SortedOps$AbstractRefSortingSink done
Event: 2.320 loading class java/util/stream/SortedOps$RefSortingSink done
Event: 2.322 loading class java/lang/invoke/DirectMethodHandle$Special
Event: 2.322 loading class java/lang/invoke/DirectMethodHandle$Special done
Event: 2.330 loading class java/nio/file/AccessMode


Dynamic libraries:
0x00007ff746fd0000 - 0x00007ff746fe0000 	C:\Program Files\Java\jdk-17\bin\java.exe
0x00007ff9ff650000 - 0x00007ff9ff866000 	C:\WINDOWS\SYSTEM32\ntdll.dll
0x00007ff9fe7b0000 - 0x00007ff9fe874000 	C:\WINDOWS\System32\KERNEL32.DLL
0x00007ff9fcab0000 - 0x00007ff9fce56000 	C:\WINDOWS\System32\KERNELBASE.dll
0x00007ff9fcf50000 - 0x00007ff9fd061000 	C:\WINDOWS\System32\ucrtbase.dll
0x00007ff9f00e0000 - 0x00007ff9f00fb000 	C:\Program Files\Java\jdk-17\bin\VCRUNTIME140.dll
0x00007ff9f57d0000 - 0x00007ff9f57e8000 	C:\Program Files\Java\jdk-17\bin\jli.dll
0x00007ff9fe940000 - 0x00007ff9fe9f2000 	C:\WINDOWS\System32\ADVAPI32.dll
0x00007ff9feeb0000 - 0x00007ff9fef57000 	C:\WINDOWS\System32\msvcrt.dll
0x00007ff9fea00000 - 0x00007ff9feaa8000 	C:\WINDOWS\System32\sechost.dll
0x00007ff9fc990000 - 0x00007ff9fc9b8000 	C:\WINDOWS\System32\bcrypt.dll
0x00007ff9fdea0000 - 0x00007ff9fdfb5000 	C:\WINDOWS\System32\RPCRT4.dll
0x00007ff9ff460000 - 0x00007ff9ff60d000 	C:\WINDOWS\System32\USER32.dll
0x00007ff9fcf20000 - 0x00007ff9fcf46000 	C:\WINDOWS\System32\win32u.dll
0x00007ff9ecde0000 - 0x00007ff9ed073000 	C:\WINDOWS\WinSxS\amd64_microsoft.windows.common-controls_6595b64144ccf1df_6.0.22621.3235_none_270f74e173860f98\COMCTL32.dll
0x00007ff9fdc60000 - 0x00007ff9fdc89000 	C:\WINDOWS\System32\GDI32.dll
0x00007ff9fd280000 - 0x00007ff9fd398000 	C:\WINDOWS\System32\gdi32full.dll
0x00007ff9fd070000 - 0x00007ff9fd10a000 	C:\WINDOWS\System32\msvcp_win.dll
0x00007ff9f50f0000 - 0x00007ff9f50fa000 	C:\WINDOWS\SYSTEM32\VERSION.dll
0x00007ff9fee70000 - 0x00007ff9feea1000 	C:\WINDOWS\System32\IMM32.DLL
0x00007ff9f7c20000 - 0x00007ff9f7c2c000 	C:\Program Files\Java\jdk-17\bin\vcruntime140_1.dll
0x00007ff9bf220000 - 0x00007ff9bf2ae000 	C:\Program Files\Java\jdk-17\bin\msvcp140.dll
0x00007ff9ac550000 - 0x00007ff9ad127000 	C:\Program Files\Java\jdk-17\bin\server\jvm.dll
0x00007ff9fdfd0000 - 0x00007ff9fdfd8000 	C:\WINDOWS\System32\PSAPI.DLL
0x00007ff9f5720000 - 0x00007ff9f5754000 	C:\WINDOWS\SYSTEM32\WINMM.dll
0x00007ff9ee970000 - 0x00007ff9ee979000 	C:\WINDOWS\SYSTEM32\WSOCK32.dll
0x00007ff9fdd70000 - 0x00007ff9fdde1000 	C:\WINDOWS\System32\WS2_32.dll
0x00007ff9fb9a0000 - 0x00007ff9fb9b8000 	C:\WINDOWS\SYSTEM32\kernel.appcore.dll
0x00007ff9f7bf0000 - 0x00007ff9f7bfa000 	C:\Program Files\Java\jdk-17\bin\jimage.dll
0x00007ff9fa1c0000 - 0x00007ff9fa3f3000 	C:\WINDOWS\SYSTEM32\DBGHELP.DLL
0x00007ff9fead0000 - 0x00007ff9fee58000 	C:\WINDOWS\System32\combase.dll
0x00007ff9fdc90000 - 0x00007ff9fdd67000 	C:\WINDOWS\System32\OLEAUT32.dll
0x00007ff9df270000 - 0x00007ff9df2a2000 	C:\WINDOWS\SYSTEM32\dbgcore.DLL
0x00007ff9fc9c0000 - 0x00007ff9fca3a000 	C:\WINDOWS\System32\bcryptPrimitives.dll
0x00007ff9ef300000 - 0x00007ff9ef325000 	C:\Program Files\Java\jdk-17\bin\java.dll
0x00007ff9ba760000 - 0x00007ff9ba837000 	C:\Program Files\Java\jdk-17\bin\jsvml.dll
0x00007ff9fd400000 - 0x00007ff9fdc5d000 	C:\WINDOWS\System32\SHELL32.dll
0x00007ff9fa8a0000 - 0x00007ff9fb198000 	C:\WINDOWS\SYSTEM32\windows.storage.dll
0x00007ff9fa760000 - 0x00007ff9fa89e000 	C:\WINDOWS\SYSTEM32\wintypes.dll
0x00007ff9feff0000 - 0x00007ff9ff0e3000 	C:\WINDOWS\System32\SHCORE.dll
0x00007ff9fd3a0000 - 0x00007ff9fd3fe000 	C:\WINDOWS\System32\shlwapi.dll
0x00007ff9fc8c0000 - 0x00007ff9fc8e6000 	C:\WINDOWS\SYSTEM32\profapi.dll
0x00007ff9eefe0000 - 0x00007ff9eeff9000 	C:\Program Files\Java\jdk-17\bin\net.dll
0x00007ff9f6a60000 - 0x00007ff9f6b97000 	C:\WINDOWS\SYSTEM32\WINHTTP.dll
0x00007ff9fbe10000 - 0x00007ff9fbe79000 	C:\WINDOWS\system32\mswsock.dll
0x00007ff9eefc0000 - 0x00007ff9eefd6000 	C:\Program Files\Java\jdk-17\bin\nio.dll
0x00007ff9eee70000 - 0x00007ff9eee88000 	C:\Program Files\Java\jdk-17\bin\zip.dll
0x00007ff9fb470000 - 0x00007ff9fb569000 	C:\WINDOWS\SYSTEM32\DNSAPI.dll
0x00007ff9fb440000 - 0x00007ff9fb46d000 	C:\WINDOWS\SYSTEM32\IPHLPAPI.DLL
0x00007ff9fee60000 - 0x00007ff9fee69000 	C:\WINDOWS\System32\NSI.dll
0x00007ff9f43d0000 - 0x00007ff9f43da000 	C:\Windows\System32\rasadhlp.dll
0x00007ff9f44a0000 - 0x00007ff9f4523000 	C:\WINDOWS\System32\fwpuclnt.dll
0x00007ff9f0d30000 - 0x00007ff9f0d3a000 	C:\Program Files\Java\jdk-17\bin\management.dll
0x00007ff9f00d0000 - 0x00007ff9f00db000 	C:\Program Files\Java\jdk-17\bin\management_ext.dll
0x00007ff9fc030000 - 0x00007ff9fc04b000 	C:\WINDOWS\SYSTEM32\CRYPTSP.dll
0x00007ff9fb900000 - 0x00007ff9fb935000 	C:\WINDOWS\system32\rsaenh.dll
0x00007ff9fbed0000 - 0x00007ff9fbefc000 	C:\WINDOWS\SYSTEM32\USERENV.dll
0x00007ff9fc050000 - 0x00007ff9fc05c000 	C:\WINDOWS\SYSTEM32\CRYPTBASE.dll
0x00007ff9f6070000 - 0x00007ff9f6089000 	C:\WINDOWS\SYSTEM32\dhcpcsvc6.DLL
0x00007ff9f5fe0000 - 0x00007ff9f5fff000 	C:\WINDOWS\SYSTEM32\dhcpcsvc.DLL

dbghelp: loaded successfully - version: 4.0.5 - missing functions: none
symbol engine: initialized successfully - sym options: 0x614 - pdb path: .;C:\Program Files\Java\jdk-17\bin;C:\WINDOWS\SYSTEM32;C:\WINDOWS\WinSxS\amd64_microsoft.windows.common-controls_6595b64144ccf1df_6.0.22621.3235_none_270f74e173860f98;C:\Program Files\Java\jdk-17\bin\server

VM Arguments:
jvm_args: -XX:+ShowCodeDetailsInExceptionMessages -Dspring.jmx.enabled=true -Dmanagement.endpoints.jmx.exposure.include=* -Dspring.application.admin.enabled=true -Dspring.boot.project.name=API-Gateway -Djava.rmi.server.hostname=localhost 
java_command: com.Gateway.ApiGatewayApplication
java_class_path (initial): D:\Microservice Project\API Gateway\API-Gateway\target\classes;C:\Users\sdiks\.m2\repository\org\springframework\boot\spring-boot-starter-actuator\3.2.4\spring-boot-starter-actuator-3.2.4.jar;C:\Users\sdiks\.m2\repository\org\springframework\boot\spring-boot-starter\3.2.4\spring-boot-starter-3.2.4.jar;C:\Users\sdiks\.m2\repository\org\springframework\boot\spring-boot\3.2.4\spring-boot-3.2.4.jar;C:\Users\sdiks\.m2\repository\org\springframework\spring-context\6.1.5\spring-context-6.1.5.jar;C:\Users\sdiks\.m2\repository\org\springframework\spring-aop\6.1.5\spring-aop-6.1.5.jar;C:\Users\sdiks\.m2\repository\org\springframework\spring-expression\6.1.5\spring-expression-6.1.5.jar;C:\Users\sdiks\.m2\repository\org\springframework\boot\spring-boot-autoconfigure\3.2.4\spring-boot-autoconfigure-3.2.4.jar;C:\Users\sdiks\.m2\repository\org\springframework\boot\spring-boot-starter-logging\3.2.4\spring-boot-starter-logging-3.2.4.jar;C:\Users\sdiks\.m2\repository\ch\qos\logback\logback-classic\1.4.14\logback-classic-1.4.14.jar;C:\Users\sdiks\.m2\repository\ch\qos\logback\logback-core\1.4.14\logback-core-1.4.14.jar;C:\Users\sdiks\.m2\repository\org\apache\logging\log4j\log4j-to-slf4j\2.21.1\log4j-to-slf4j-2.21.1.jar;C:\Users\sdiks\.m2\repository\org\apache\logging\log4j\log4j-api\2.21.1\log4j-api-2.21.1.jar;C:\Users\sdiks\.m2\repository\org\slf4j\jul-to-slf4j\2.0.12\jul-to-slf4j-2.0.12.jar;C:\Users\sdiks\.m2\repository\org\yaml\snakeyaml\2.2\snakeyaml-2.2.jar;C:\Users\sdiks\.m2\repository\org\springframework\boot\spring-boot-actuator-autoconfigure\3.2.4\spring-boot-actuator-autoconfigure-3.2.4.jar;C:\Users\sdiks\.m2\repository\org\springframework\boot\spring-boot-actuator\3.2.4\spring-boot-actuator-3.2.4.jar;C:\Users\sdiks\.m2\repository\com\fasterxml\jackson\core\jackson-databind\2.15.4\jackson-databind-2.15.4.jar;C:\Users\sdiks\.m2\repository\com\fasterxml\jackson\datatype\jackson-datatype-jsr310\2.15.4\jackson-datatype-jsr310-2.15.4.jar;C:\Users\sdi
Launcher Type: SUN_STANDARD

[Global flags]
     intx CICompilerCount                          = 4                                         {product} {ergonomic}
     uint ConcGCThreads                            = 2                                         {product} {ergonomic}
     uint G1ConcRefinementThreads                  = 8                                         {product} {ergonomic}
   size_t G1HeapRegionSize                         = 1048576                                   {product} {ergonomic}
    uintx GCDrainStackTargetSize                   = 64                                        {product} {ergonomic}
   size_t InitialHeapSize                          = 132120576                                 {product} {ergonomic}
   size_t MarkStackSize                            = 4194304                                   {product} {ergonomic}
   size_t MaxHeapSize                              = 2095054848                                {product} {ergonomic}
   size_t MaxNewSize                               = 1256194048                                {product} {ergonomic}
   size_t MinHeapDeltaBytes                        = 1048576                                   {product} {ergonomic}
   size_t MinHeapSize                              = 8388608                                   {product} {ergonomic}
    uintx NonNMethodCodeHeapSize                   = 5839372                                {pd product} {ergonomic}
    uintx NonProfiledCodeHeapSize                  = 122909434                              {pd product} {ergonomic}
    uintx ProfiledCodeHeapSize                     = 122909434                              {pd product} {ergonomic}
    uintx ReservedCodeCacheSize                    = 251658240                              {pd product} {ergonomic}
     bool SegmentedCodeCache                       = true                                      {product} {ergonomic}
     bool ShowCodeDetailsInExceptionMessages       = true                                   {manageable} {command line}
   size_t SoftMaxHeapSize                          = 2095054848                             {manageable} {ergonomic}
     bool UseCompressedClassPointers               = true                           {product lp64_product} {ergonomic}
     bool UseCompressedOops                        = true                           {product lp64_product} {ergonomic}
     bool UseG1GC                                  = true                                      {product} {ergonomic}
     bool UseLargePagesIndividualAllocation        = false                                  {pd product} {ergonomic}

Logging:
Log output configuration:
 #0: stdout all=warning uptime,level,tags
 #1: stderr all=off uptime,level,tags

Environment Variables:
JAVA_HOME=C:\Program Files\Java\jdk-17
PATH=D:\Software\oracle\app\oracle\product\11.2.0\server\bin;;C:\Program Files\Common Files\Oracle\Java\javapath;C:\Program Files (x86)\Common Files\Oracle\Java\javapath;C:\ProgramData\Oracle\Java\javapath;C:\Program Files\Eclipse Adoptium\jdk-17.0.7.7-hotspot\bin;C:\WINDOWS\system32;C:\WINDOWS;C:\WINDOWS\System32\Wbem;C:\WINDOWS\System32\WindowsPowerShell\v1.0\;C:\WINDOWS\System32\OpenSSH\;C:\Program Files\Git\cmd;C:\Redis Server;C:\Program Files\Java\jdk-17;C:\Program Files\apache-maven-3.9.5-bin\apache-maven-3.9.5\bin;C:\Program Files\MySQL\MySQL Shell 8.0\bin\;C:\Users\sdiks\AppData\Local\Microsoft\WindowsApps;C:\Program Files\Git;;C:\Users\sdiks\AppData\Local\Programs\Microsoft VS Code\bin
USERNAME=sdiks
LANG=en_US.UTF-8
OS=Windows_NT
PROCESSOR_IDENTIFIER=Intel64 Family 6 Model 140 Stepping 1, GenuineIntel



---------------  S Y S T E M  ---------------

OS:
 Windows 11 , 64 bit Build 22621 (10.0.22621.3235)
OS uptime: 10 days 16:55 hours
Hyper-V role detected

CPU: total 8 (initial active 8) (4 cores per cpu, 2 threads per core) family 6 model 140 stepping 1 microcode 0x8a, cx8, cmov, fxsr, ht, mmx, 3dnowpref, sse, sse2, sse3, ssse3, sse4.1, sse4.2, popcnt, lzcnt, tsc, tscinvbit, avx, avx2, aes, erms, clmul, bmi1, bmi2, adx, avx512f, avx512dq, avx512cd, avx512bw, avx512vl, sha, fma, vzeroupper, avx512_vpopcntdq, avx512_vpclmulqdq, avx512_vaes, avx512_vnni, clflush, clflushopt, clwb, avx512_vbmi2, avx512_vbmi, hv

Memory: 4k page, system-wide physical 7991M (314M free)
TotalPageFile size 21091M (AvailPageFile size 0M)
current process WorkingSet (physical memory assigned to process): 124M, peak: 127M
current process commit charge ("private bytes"): 260M, peak: 263M

vm_info: Java HotSpot(TM) 64-Bit Server VM (17.0.6+9-LTS-190) for windows-amd64 JRE (17.0.6+9-LTS-190), built on Dec  6 2022 15:53:54 by "mach5one" with MS VC++ 17.1 (VS2022)

END.
